2022-12-07T11:45:10.313585400+01:00 - []
2022-12-07T11:45:10.315008+01:00 - Running
2022-12-07 11:45:36 | INFO  | src\main.rs:21 — []
2022-12-07 11:45:36 | INFO  | src\main.rs:43 — Running
2022-12-07 11:47:39 | INFO  | src\main.rs:21 — []
2022-12-07 11:47:39 | INFO  | src\main.rs:43 — Running
2022-12-07 17:27:02 | INFO  | src\main.rs:21 — []
2022-12-07 17:27:02 | INFO  | src\main.rs:43 — Running
2022-12-07 17:28:33 | INFO  | src\main.rs:23 — Ok("D:\\Programming\\rust\\mongrel-rs")
2022-12-07 17:28:33 | INFO  | src\main.rs:25 — []
2022-12-07 17:28:33 | INFO  | src\main.rs:47 — Running
2022-12-07 17:29:53 | INFO  | src\main.rs:23 — "discord_bot_rs"
2022-12-07 17:29:53 | INFO  | src\main.rs:25 — []
2022-12-07 17:29:54 | INFO  | src\main.rs:47 — Running
2022-12-07 17:31:35 | INFO  | src\main.rs:23 — "src\\main.rs"
2022-12-07 17:31:35 | INFO  | src\main.rs:25 — []
2022-12-07 17:31:35 | INFO  | src\main.rs:47 — Running
2022-12-07 17:38:48 | INFO  | src\main.rs:21 — "src\\main.rs"
2022-12-07 17:38:48 | INFO  | src\main.rs:23 — []
2022-12-07 17:38:48 | INFO  | src\main.rs:45 — Running
2022-12-07 17:41:10 | INFO  | src\main.rs:21 — "src\\main.rs"
2022-12-07 17:41:10 | INFO  | src\main.rs:23 — []
2022-12-07 17:41:10 | INFO  | src\main.rs:24 — ""
2022-12-07 17:41:10 | INFO  | src\main.rs:46 — Running
2022-12-07 17:42:10 | INFO  | src\main.rs:21 — "src\\main.rs"
2022-12-07 17:42:10 | INFO  | src\main.rs:23 — []
2022-12-07 17:42:10 | INFO  | src\main.rs:24 — "glob_proc\\src\\lib.rs"
2022-12-07 17:42:10 | INFO  | src\main.rs:46 — Running
2022-12-07 17:46:06 | INFO  | src\main.rs:21 — "src\\main.rs"
2022-12-07 17:46:06 | INFO  | src\main.rs:23 — []
2022-12-07 17:46:06 | INFO  | src\main.rs:24 — "src\\command\\mod.rs"
2022-12-07 17:46:06 | INFO  | src\main.rs:46 — Running
2022-12-07 17:47:18 | INFO  | src\main.rs:21 — "src\\main.rs"
2022-12-07 17:47:18 | INFO  | src\main.rs:23 — []
2022-12-07 17:47:18 | INFO  | src\main.rs:24 — ""
2022-12-07 17:47:18 | INFO  | src\main.rs:46 — Running
2022-12-07 17:47:40 | INFO  | src\main.rs:21 — "src\\main.rs"
2022-12-07 17:47:40 | INFO  | src\main.rs:23 — []
2022-12-07 17:47:40 | INFO  | src\main.rs:24 — ""
2022-12-07 17:47:40 | INFO  | src\main.rs:46 — Running
2022-12-07 17:47:52 | INFO  | src\main.rs:21 — "src\\main.rs"
2022-12-07 17:47:52 | INFO  | src\main.rs:23 — []
2022-12-07 17:47:52 | INFO  | src\main.rs:24 — "src/command"
2022-12-07 17:47:52 | INFO  | src\main.rs:46 — Running
2022-12-09 09:36:07 | INFO  | src\main.rs:41 — Running
2022-12-11 23:42:51 | INFO  | src\main.rs:41 — Running
2022-12-11 23:52:56 | INFO  | src\main.rs:41 — Running
2022-12-11 23:53:02 | INFO  | src\command\join.rs:27 — Join command completed
2022-12-11 23:53:21 | INFO  | src\command\join.rs:27 — Join command completed
2022-12-11 23:56:40 | INFO  | src\main.rs:41 — Running
2022-12-12 00:02:25 | INFO  | src\main.rs:41 — Running
2022-12-12 00:03:12 | INFO  | src\main.rs:41 — Running
2022-12-12 00:03:20 | INFO  | src\main.rs:41 — Running
2022-12-12 00:06:56 | INFO  | src\main.rs:41 — Running
2022-12-12 00:07:08 | INFO  | src\command\join.rs:27 — Join command completed
2022-12-12 00:07:12 | INFO  | src\command\leave.rs:27 — leave command completed
2022-12-12 00:08:15 | INFO  | src\main.rs:41 — Running
2022-12-12 00:08:19 | INFO  | src\command\join.rs:27 — Join command completed
2022-12-12 00:09:55 | INFO  | src\main.rs:41 — Running
2022-12-12 00:10:36 | INFO  | src\main.rs:41 — Running
2022-12-12 00:15:08 | INFO  | src\main.rs:41 — Running
2022-12-12 00:15:32 | INFO  | src\main.rs:41 — Running
2022-12-12 00:15:59 | INFO  | src\main.rs:41 — Running
2022-12-12 00:20:29 | INFO  | src\main.rs:41 — Running
2022-12-12 00:20:47 | INFO  | src\main.rs:41 — Running
2022-12-12 00:23:54 | INFO  | src\main.rs:41 — Running
2022-12-12 00:24:00 | INFO  | src\main.rs:41 — Running
2022-12-12 00:24:07 | INFO  | src\main.rs:41 — Running
2022-12-12 00:24:31 | INFO  | src\main.rs:41 — Running
2022-12-12 00:24:39 | INFO  | src\main.rs:41 — Running
2022-12-12 00:24:59 | INFO  | src\main.rs:41 — Running
2022-12-12 00:25:41 | INFO  | src\main.rs:41 — Running
2022-12-12 00:31:03 | INFO  | src\main.rs:41 — Running
2022-12-12 00:40:24 | INFO  | src\main.rs:41 — Running
2022-12-12 00:42:03 | INFO  | src\main.rs:41 — Running
2022-12-12 00:42:32 | INFO  | src\main.rs:41 — Running
2022-12-12 00:42:38 | INFO  | src\command\join.rs:27 — Join command completed
2022-12-12 00:44:05 | INFO  | src\main.rs:41 — Running
2022-12-12 00:44:48 | INFO  | src\main.rs:41 — Running
2022-12-12 00:44:58 | INFO  | src\command\join.rs:27 — Join command completed
2022-12-12 00:55:37 | INFO  | src\main.rs:41 — Running
2022-12-12 00:56:11 | INFO  | src\command\join.rs:27 — Join command completed
2022-12-12 00:57:04 | INFO  | src\main.rs:41 — Running
2022-12-12 00:57:13 | INFO  | src\command\join.rs:27 — Join command completed
2022-12-12 00:58:53 | INFO  | src\main.rs:41 — Running
2022-12-12 00:59:24 | INFO  | src\main.rs:41 — Running
2022-12-12 01:01:29 | INFO  | src\main.rs:41 — Running
2022-12-12 01:03:26 | INFO  | src\main.rs:41 — Running
2022-12-12 01:03:34 | INFO  | src\command\join.rs:27 — Join command completed
2022-12-12 01:04:32 | INFO  | src\main.rs:41 — Running
2022-12-12 01:05:20 | INFO  | src\command\join.rs:27 — Join command completed
2022-12-12 01:06:47 | INFO  | src\main.rs:41 — Running
2022-12-12 01:14:27 | INFO  | src\main.rs:41 — Running
2022-12-12 01:16:30 | INFO  | src\main.rs:41 — Running
2022-12-12 01:16:42 | INFO  | src\command\join.rs:27 — Join command completed
2022-12-12 01:17:59 | INFO  | src\main.rs:41 — Running
2022-12-12 01:18:04 | INFO  | src\command\join.rs:27 — Join command completed
2022-12-12 01:18:36 | INFO  | src\main.rs:41 — Running
2022-12-12 01:18:44 | INFO  | src\command\join.rs:27 — Join command completed
2022-12-12 01:20:48 | INFO  | src\main.rs:41 — Running
2022-12-12 01:21:24 | INFO  | src\main.rs:41 — Running
2022-12-12 01:21:49 | INFO  | src\command\join.rs:27 — Join command completed
2022-12-12 01:22:08 | INFO  | src\command\play.rs:35 — Metadata { track: None, artist: Some("JeroenIAm"), date: Some("20100504"), channels: Some(2), channel: Some("JeroenIAm"), start_time: None, duration: Some(186s), sample_rate: Some(48000), source_url: Some("https://www.youtube.com/watch?v=pxqr-u-kZww"), title: Some("Jan Smit - Boom boom bailando"), thumbnail: Some("https://i.ytimg.com/vi_webp/pxqr-u-kZww/sddefault.webp") }
2022-12-12 01:25:41 | INFO  | src\main.rs:41 — Running
2022-12-12 01:26:02 | INFO  | src\main.rs:41 — Running
2022-12-12 01:27:15 | INFO  | src\main.rs:41 — Running
2022-12-12 01:27:46 | INFO  | src\main.rs:41 — Running
2022-12-12 01:28:37 | INFO  | src\main.rs:41 — Running
2022-12-12 01:28:45 | INFO  | src\command\join.rs:27 — Join command completed
2022-12-12 01:28:57 | INFO  | src\command\play.rs:35 — Metadata { track: None, artist: Some("acdaendemunnikVEVO"), date: Some("20091025"), channels: Some(2), channel: Some("acdaendemunnikVEVO"), start_time: None, duration: Some(247s), sample_rate: Some(48000), source_url: Some("https://www.youtube.com/watch?v=dZkbhA1NcTM"), title: Some("Acda & De Munnik - Het Regent Zonnestralen"), thumbnail: Some("https://i.ytimg.com/vi_webp/dZkbhA1NcTM/maxresdefault.webp") }
2022-12-12 01:29:37 | INFO  | src\main.rs:41 — Running
2022-12-12 01:29:49 | INFO  | src\command\join.rs:27 — Join command completed
2022-12-12 01:30:56 | INFO  | src\main.rs:41 — Running
2022-12-12 01:31:04 | INFO  | src\command\join.rs:27 — Join command completed
2022-12-12 01:33:39 | INFO  | src\main.rs:41 — Running
2022-12-12 01:34:34 | INFO  | src\main.rs:41 — Running
2022-12-12 01:34:38 | INFO  | src\command\join.rs:27 — Join command completed
2022-12-12 01:34:49 | INFO  | src\command\play.rs:36 — Metadata { track: None, artist: Some("ItsHannahowo"), date: Some("20210902"), channels: Some(2), channel: Some("ItsHannahowo "), start_time: None, duration: Some(85s), sample_rate: Some(48000), source_url: Some("https://www.youtube.com/watch?v=jvKlMXZSzTI"), title: Some("Hannah UwU voice ❤ [Compilation]"), thumbnail: Some("https://i.ytimg.com/vi/jvKlMXZSzTI/maxresdefault.jpg") }
2022-12-12 01:35:51 | INFO  | src\main.rs:41 — Running
2022-12-12 01:35:56 | INFO  | src\command\join.rs:27 — Join command completed
2022-12-12 01:36:14 | INFO  | src\command\play.rs:36 — Metadata { track: None, artist: Some("ItsHannahowo"), date: Some("20210902"), channels: Some(2), channel: Some("ItsHannahowo "), start_time: None, duration: Some(85s), sample_rate: Some(48000), source_url: Some("https://www.youtube.com/watch?v=jvKlMXZSzTI"), title: Some("Hannah UwU voice ❤ [Compilation]"), thumbnail: Some("https://i.ytimg.com/vi/jvKlMXZSzTI/maxresdefault.jpg") }
2022-12-12 01:37:16 | INFO  | src\main.rs:41 — Running
2022-12-12 01:38:41 | INFO  | src\main.rs:41 — Running
2022-12-12 01:39:01 | INFO  | src\main.rs:41 — Running
2022-12-12 01:39:23 | INFO  | src\main.rs:41 — Running
2022-12-12 01:39:44 | INFO  | src\command\join.rs:27 — Join command completed
2022-12-12 01:39:44 | INFO  | src\command\join.rs:27 — Join command completed
2022-12-12 01:39:44 | INFO  | src\command\join.rs:27 — Join command completed
2022-12-12 01:39:56 | INFO  | src\command\play.rs:34 — Metadata { track: None, artist: Some("Jan Smit (Officieel kanaal)"), date: Some("20210820"), channels: Some(2), channel: Some("Jan Smit (Officieel kanaal)"), start_time: None, duration: Some(175s), sample_rate: Some(48000), source_url: Some("https://www.youtube.com/watch?v=tPmLEHt_DzE"), title: Some("Jan Smit - Zolang Je Bij Me Bent (Officiële Videoclip)"), thumbnail: Some("https://i.ytimg.com/vi_webp/tPmLEHt_DzE/maxresdefault.webp") }
2022-12-12 01:40:38 | INFO  | src\main.rs:41 — Running
2022-12-12 01:40:58 | INFO  | src\main.rs:41 — Running
2022-12-12 01:41:39 | INFO  | src\main.rs:41 — Running
2022-12-12 01:42:02 | INFO  | src\main.rs:41 — Running
2022-12-12 01:42:19 | INFO  | src\command\join.rs:27 — Join command completed
2022-12-12 01:42:29 | INFO  | src\command\play.rs:32 — Metadata { track: None, artist: Some("Jan Smit (Officieel kanaal)"), date: Some("20210820"), channels: Some(2), channel: Some("Jan Smit (Officieel kanaal)"), start_time: None, duration: Some(175s), sample_rate: Some(48000), source_url: Some("https://www.youtube.com/watch?v=tPmLEHt_DzE"), title: Some("Jan Smit - Zolang Je Bij Me Bent (Officiële Videoclip)"), thumbnail: Some("https://i.ytimg.com/vi_webp/tPmLEHt_DzE/maxresdefault.webp") }
